2017-01-18 00:25:46,169 INFO  [org.jboss.modules] (main) JBoss Modules version 1.3.3.Final
2017-01-18 00:25:50,351 INFO  [org.jboss.msc] (main) JBoss MSC version 1.2.2.Final
2017-01-18 00:25:50,588 INFO  [org.jboss.as] (MSC service thread 1-7) JBAS015899: WildFly 8.1.0.Final "Kenny" starting
2017-01-18 00:25:50,671 DEBUG [org.jboss.as.config] (MSC service thread 1-7) Configured system properties:
	awt.toolkit = sun.awt.windows.WToolkit
	file.encoding = Cp1250
	file.encoding.pkg = sun.io
	file.separator = \
	java.awt.graphicsenv = sun.awt.Win32GraphicsEnvironment
	java.awt.headless = true
	java.awt.printerjob = sun.awt.windows.WPrinterJob
	java.class.path = C:\Users\mateusz\Desktop\inzynierka\wildfly-8.1.0.Final\jboss-modules.jar
	java.class.version = 52.0
	java.endorsed.dirs = C:\Java\jdk1.8.0_20\jre\lib\endorsed
	java.ext.dirs = C:\Java\jdk1.8.0_20\jre\lib\ext;C:\Windows\Sun\Java\lib\ext
	java.home = C:\Java\jdk1.8.0_20\jre
	java.io.tmpdir = C:\Users\mateusz\AppData\Local\Temp\
	java.library.path = C:\Java\jdk1.8.0_20\bin;C:\Windows\Sun\Java\bin;C:\Windows\system32;C:\Windows;native;C:/Java/jdk1.8.0_20/jre/bin/server;C:/Java/jdk1.8.0_20/jre/bin;C:/Java/jdk1.8.0_20/jre/lib/amd64;C:\Python27\;C:\Python27\Scripts;C:\Program Files (x86)\NVIDIA Corporation\PhysX\Common;C:\Windows\system32;C:\Windows;C:\Windows\System32\Wbem;C:\Windows\System32\WindowsPowerShell\v1.0\;C:\Program Files (x86)\Intel\OpenCL SDK\2.0\bin\x86;C:\Program Files (x86)\Intel\OpenCL SDK\2.0\bin\x64;C:\Program Files (x86)\QuickTime\QTSystem\;C:\Program Files (x86)\Intel\OpenCL SDK\2.0\bin\x86;C:\Program Files (x86)\Intel\OpenCL SDK\2.0\bin\x64;C:\Program Files\MATLAB\R2012b\runtime\win64;C:\Program Files\MATLAB\R2012b\bin;C:\Program Files\OpenVPN\bin;C:\MySQL\MySQL Server 5.5\bin;C:\Program Files\Microsoft SQL Server\130\Tools\Binn\;C:\Program Files\Microsoft\Web Platform Installer\;C:\Program Files\dotnet\;C:\Program Files\Git\cmd;C:\Program Files (x86)\GTK2-Runtime\bin;C:\GNAT\2015\bin;C:\Users\mateusz\AppData\Local\Programs\minghc-7.8.4-x86_64\switch;C:\Users\mateusz\AppData\Roaming\cabal\bin;C:\Users\mateusz\AppData\Local\Programs\minghc-7.8.4-x86_64\git-2.4.0.1\cmd;C:\Users\mateusz\AppData\Local\Programs\minghc-7.8.4-x86_64\git-2.4.0.1\usr\bin;C:\Users\mateusz\AppData\Local\Programs\minghc-7.8.4-x86_64\ghc-7.8.4\mingw\bin;C:\Users\mateusz\AppData\Local\Programs\minghc-7.8.4-x86_64\ghc-7.8.4\bin;C:\Users\mateusz\AppData\Local\Programs\minghc-7.8.4-x86_64\bin;C:\Users\mateusz\AppData\Local\atom\bin;C:\Users\mateusz\AppData\Local\Android\android-sdk\build-tools;C:\Users\mateusz\AppData\Local\Android\android-sdk\platform-tools;C:\Users\mateusz\AppData\Local\Android\android-sdk\tools;C:\Program Files\erl7.1\bin;C:\jboss-as-7.1.1.Final\bin;C:\Java\jdk1.8.0_20\bin;C:\apache-maven-3.3.9\bin;C:\eclipseEE;;.
	java.net.preferIPv4Stack = true
	java.runtime.name = Java(TM) SE Runtime Environment
	java.runtime.version = 1.8.0_20-b26
	java.specification.name = Java Platform API Specification
	java.specification.vendor = Oracle Corporation
	java.specification.version = 1.8
	java.util.logging.manager = org.jboss.logmanager.LogManager
	java.vendor = Oracle Corporation
	java.vendor.url = http://java.oracle.com/
	java.vendor.url.bug = http://bugreport.sun.com/bugreport/
	java.version = 1.8.0_20
	java.vm.info = mixed mode
	java.vm.name = Java HotSpot(TM) 64-Bit Server VM
	java.vm.specification.name = Java Virtual Machine Specification
	java.vm.specification.vendor = Oracle Corporation
	java.vm.specification.version = 1.8
	java.vm.vendor = Oracle Corporation
	java.vm.version = 25.20-b23
	javax.management.builder.initial = org.jboss.as.jmx.PluggableMBeanServerBuilder
	javax.xml.datatype.DatatypeFactory = __redirected.__DatatypeFactory
	javax.xml.parsers.DocumentBuilderFactory = __redirected.__DocumentBuilderFactory
	javax.xml.parsers.SAXParserFactory = __redirected.__SAXParserFactory
	javax.xml.stream.XMLEventFactory = __redirected.__XMLEventFactory
	javax.xml.stream.XMLInputFactory = __redirected.__XMLInputFactory
	javax.xml.stream.XMLOutputFactory = __redirected.__XMLOutputFactory
	javax.xml.transform.TransformerFactory = __redirected.__TransformerFactory
	javax.xml.validation.SchemaFactory:http://www.w3.org/2001/XMLSchema = __redirected.__SchemaFactory
	javax.xml.xpath.XPathFactory:http://java.sun.com/jaxp/xpath/dom = __redirected.__XPathFactory
	jboss.bind.address = localhost
	jboss.bind.address.management = localhost
	jboss.home.dir = C:\Users\mateusz\Desktop\inzynierka\wildfly-8.1.0.Final
	jboss.host.name = mateusz
	jboss.modules.dir = C:\Users\mateusz\Desktop\inzynierka\wildfly-8.1.0.Final\modules
	jboss.modules.system.pkgs = org.jboss.byteman
	jboss.node.name = mateusz
	jboss.qualified.host.name = mateusz
	jboss.server.base.dir = C:\Users\mateusz\Desktop\inzynierka\wildfly-8.1.0.Final\standalone
	jboss.server.config.dir = C:\Users\mateusz\Desktop\inzynierka\wildfly-8.1.0.Final\standalone\configuration
	jboss.server.data.dir = C:\Users\mateusz\Desktop\inzynierka\wildfly-8.1.0.Final\standalone\data
	jboss.server.deploy.dir = C:\Users\mateusz\Desktop\inzynierka\wildfly-8.1.0.Final\standalone\data\content
	jboss.server.log.dir = C:\Users\mateusz\Desktop\inzynierka\wildfly-8.1.0.Final\standalone\log
	jboss.server.name = mateusz
	jboss.server.persist.config = true
	jboss.server.temp.dir = C:\Users\mateusz\Desktop\inzynierka\wildfly-8.1.0.Final\standalone\tmp
	line.separator = 

	logging.configuration = file:/C:/Users/mateusz/Desktop/inzynierka/wildfly-8.1.0.Final/standalone/configuration/logging.properties
	module.path = C:/Users/mateusz/Desktop/inzynierka/wildfly-8.1.0.Final/modules
	org.jboss.boot.log.file = C:/Users/mateusz/Desktop/inzynierka/wildfly-8.1.0.Final/standalone/log/boot.log
	org.jboss.logmanager.nocolor = true
	org.jboss.resolver.warning = true
	org.xml.sax.driver = __redirected.__XMLReaderFactory
	os.arch = amd64
	os.name = Windows 8
	os.version = 6.2
	path.separator = ;
	program.name = JBossTools: WildFly  8.x
	sun.arch.data.model = 64
	sun.boot.class.path = C:\Java\jdk1.8.0_20\jre\lib\resources.jar;C:\Java\jdk1.8.0_20\jre\lib\rt.jar;C:\Java\jdk1.8.0_20\jre\lib\sunrsasign.jar;C:\Java\jdk1.8.0_20\jre\lib\jsse.jar;C:\Java\jdk1.8.0_20\jre\lib\jce.jar;C:\Java\jdk1.8.0_20\jre\lib\charsets.jar;C:\Java\jdk1.8.0_20\jre\lib\jfr.jar;C:\Java\jdk1.8.0_20\jre\classes
	sun.boot.library.path = C:\Java\jdk1.8.0_20\jre\bin
	sun.cpu.endian = little
	sun.cpu.isalist = amd64
	sun.desktop = windows
	sun.io.unicode.encoding = UnicodeLittle
	sun.java.command = org.jboss.modules.Main -mp C:/Users/mateusz/Desktop/inzynierka/wildfly-8.1.0.Final/modules -jaxpmodule javax.xml.jaxp-provider -jaxpmodule javax.xml.jaxp-provider org.jboss.as.standalone -b localhost --server-config=standalone-full.xml -Djboss.server.base.dir=C:\Users\mateusz\Desktop\inzynierka\wildfly-8.1.0.Final\standalone
	sun.java.launcher = SUN_STANDARD
	sun.jnu.encoding = Cp1250
	sun.management.compiler = HotSpot 64-Bit Tiered Compilers
	sun.os.patch.level = 
	sun.rmi.dgc.client.gcInterval = 3600000
	sun.rmi.dgc.server.gcInterval = 3600000
	user.country = PL
	user.dir = C:\Users\mateusz\Desktop\inzynierka\wildfly-8.1.0.Final\bin
	user.home = C:\Users\mateusz
	user.language = pl
	user.name = mateusz
	user.script = 
	user.timezone = Europe/Belgrade
	user.variant = 
2017-01-18 00:25:50,673 DEBUG [org.jboss.as.config] (MSC service thread 1-7) VM Arguments: -Dprogram.name=JBossTools: WildFly  8.x -Xms64m -Xmx512m -XX:MaxPermSize=256m -Dorg.jboss.resolver.warning=true -Djava.net.preferIPv4Stack=true -Dsun.rmi.dgc.client.gcInterval=3600000 -Dsun.rmi.dgc.server.gcInterval=3600000 -Djboss.modules.system.pkgs=org.jboss.byteman -Djava.awt.headless=true -Dorg.jboss.boot.log.file=C:/Users/mateusz/Desktop/inzynierka/wildfly-8.1.0.Final/standalone/log/boot.log -Dlogging.configuration=file:/C:/Users/mateusz/Desktop/inzynierka/wildfly-8.1.0.Final/standalone/configuration/logging.properties -Djboss.home.dir=C:/Users/mateusz/Desktop/inzynierka/wildfly-8.1.0.Final -Dorg.jboss.logmanager.nocolor=true -Djboss.bind.address.management=localhost -Dfile.encoding=Cp1250 
2017-01-18 00:26:11,584 INFO  [org.jboss.as.server.deployment.scanner] (DeploymentScanner-threads - 1) JBAS015003: Found inzynierka-ear.ear in deployment directory. To trigger deployment create a file called inzynierka-ear.ear.dodeploy
2017-01-18 00:26:11,716 INFO  [org.jboss.as.server] (Controller Boot Thread) JBAS015888: Creating http management service using socket-binding (management-http)
2017-01-18 00:26:11,934 INFO  [org.xnio] (MSC service thread 1-9) XNIO version 3.2.2.Final
2017-01-18 00:26:12,052 INFO  [org.xnio.nio] (MSC service thread 1-9) XNIO NIO Implementation Version 3.2.2.Final
2017-01-18 00:26:12,136 INFO  [org.jboss.as.clustering.infinispan] (ServerService Thread Pool -- 35) JBAS010280: Activating Infinispan subsystem.
2017-01-18 00:26:12,137 INFO  [org.jboss.as.naming] (ServerService Thread Pool -- 46) JBAS011800: Activating Naming Subsystem
2017-01-18 00:26:12,139 INFO  [org.jboss.as.security] (ServerService Thread Pool -- 51) JBAS013171: Activating Security Subsystem
2017-01-18 00:26:12,143 WARN  [org.jboss.as.txn] (ServerService Thread Pool -- 52) JBAS010153: Node identifier property is set to the default value. Please make sure it is unique.
2017-01-18 00:26:12,149 INFO  [org.jboss.as.jacorb] (ServerService Thread Pool -- 36) JBAS016300: Activating JacORB Subsystem
2017-01-18 00:26:12,158 INFO  [org.jboss.as.jsf] (ServerService Thread Pool -- 42) JBAS012615: Activated the following JSF Implementations: [main]
2017-01-18 00:26:12,339 INFO  [org.jboss.as.webservices] (ServerService Thread Pool -- 54) JBAS015537: Activating WebServices Extension
2017-01-18 00:26:12,408 INFO  [org.jboss.as.security] (MSC service thread 1-2) JBAS013170: Current PicketBox version=4.0.21.Beta1
2017-01-18 00:26:12,646 INFO  [org.wildfly.extension.io] (ServerService Thread Pool -- 34) WFLYIO001: Worker 'default' has auto-configured to 16 core threads with 128 task threads based on your 8 available processors
2017-01-18 00:26:12,673 INFO  [org.jboss.as.connector.logging] (MSC service thread 1-16) JBAS010408: Starting JCA Subsystem (IronJacamar 1.1.5.Final)
2017-01-18 00:26:12,826 INFO  [org.wildfly.extension.undertow] (MSC service thread 1-15) JBAS017502: Undertow 1.0.15.Final starting
2017-01-18 00:26:12,826 INFO  [org.wildfly.extension.undertow] (ServerService Thread Pool -- 53) JBAS017502: Undertow 1.0.15.Final starting
2017-01-18 00:26:15,670 INFO  [org.wildfly.extension.undertow] (ServerService Thread Pool -- 53) JBAS017527: Creating file handler for path C:\Users\mateusz\Desktop\inzynierka\wildfly-8.1.0.Final/welcome-content
2017-01-18 00:26:16,101 INFO  [org.jboss.as.connector.subsystems.datasources] (ServerService Thread Pool -- 30) JBAS010403: Deploying JDBC-compliant driver class org.h2.Driver (version 1.3)
2017-01-18 00:26:16,105 INFO  [org.jboss.as.connector.deployers.jdbc] (MSC service thread 1-12) JBAS010417: Started Driver service with driver-name = h2
2017-01-18 00:26:16,626 INFO  [org.wildfly.extension.undertow] (MSC service thread 1-2) JBAS017525: Started server default-server.
2017-01-18 00:26:16,675 INFO  [org.jboss.as.naming] (MSC service thread 1-11) JBAS011802: Starting Naming Service
2017-01-18 00:26:16,676 INFO  [org.jboss.as.mail.extension] (MSC service thread 1-6) JBAS015400: Bound mail session [java:jboss/mail/Default]
2017-01-18 00:26:17,158 INFO  [org.jboss.as.connector.subsystems.datasources] (ServerService Thread Pool -- 30) JBAS010404: Deploying non-JDBC-compliant driver class com.mysql.jdbc.Driver (version 5.1)
2017-01-18 00:26:17,158 INFO  [org.jboss.as.connector.deployers.jdbc] (MSC service thread 1-13) JBAS010417: Started Driver service with driver-name = mysqlDriver
2017-01-18 00:26:18,193 INFO  [org.jboss.remoting] (MSC service thread 1-9) JBoss Remoting version 4.0.3.Final
2017-01-18 00:26:18,206 INFO  [org.wildfly.extension.undertow] (MSC service thread 1-7) JBAS017531: Host default-host starting
2017-01-18 00:26:18,470 INFO  [org.wildfly.extension.undertow] (MSC service thread 1-4) JBAS017519: Undertow HTTP listener default listening on localhost/127.0.0.1:8080
2017-01-18 00:26:24,985 INFO  [org.jboss.as.connector.subsystems.datasources] (MSC service thread 1-2) JBAS010400: Bound data source [java:/mysql]
2017-01-18 00:26:24,985 INFO  [org.jboss.as.connector.subsystems.datasources] (MSC service thread 1-10) JBAS010400: Bound data source [java:jboss/datasources/ExampleDS]
2017-01-18 00:26:25,857 INFO  [org.jboss.as.server.deployment.scanner] (MSC service thread 1-11) JBAS015012: Started FileSystemDeploymentService for directory C:\Users\mateusz\Desktop\inzynierka\wildfly-8.1.0.Final\standalone\deployments
2017-01-18 00:26:25,858 INFO  [org.jboss.as.server.deployment] (MSC service thread 1-15) JBAS015876: Starting deployment of "inzynierka-ear.ear" (runtime-name: "inzynierka-ear.ear")
2017-01-18 00:26:26,281 INFO  [org.jboss.as.server.deployment] (MSC service thread 1-10) JBAS015973: Starting subdeployment (runtime-name: "inzynierka-ejb.jar")
2017-01-18 00:26:26,281 INFO  [org.jboss.as.server.deployment] (MSC service thread 1-14) JBAS015973: Starting subdeployment (runtime-name: "inzynierka-web.war")
2017-01-18 00:26:27,054 WARN  [org.jboss.as.messaging] (MSC service thread 1-9) JBAS011600: AIO wasn't located on this platform, it will fall back to using pure Java NIO. If your platform is Linux, install LibAIO to enable the AIO journal
2017-01-18 00:26:27,227 WARN  [jacorb.codeset] (MSC service thread 1-3) Warning - unknown codeset (Cp1250) - defaulting to ISO-8859-1
2017-01-18 00:26:28,822 INFO  [org.hornetq.core.server] (ServerService Thread Pool -- 56) HQ221000: live server is starting with configuration HornetQ Configuration (clustered=false,backup=false,sharedStore=true,journalDirectory=C:\Users\mateusz\Desktop\inzynierka\wildfly-8.1.0.Final\standalone\data\messagingjournal,bindingsDirectory=C:\Users\mateusz\Desktop\inzynierka\wildfly-8.1.0.Final\standalone\data\messagingbindings,largeMessagesDirectory=C:\Users\mateusz\Desktop\inzynierka\wildfly-8.1.0.Final\standalone\data\messaginglargemessages,pagingDirectory=C:\Users\mateusz\Desktop\inzynierka\wildfly-8.1.0.Final\standalone\data\messagingpaging)
2017-01-18 00:26:28,823 INFO  [org.hornetq.core.server] (ServerService Thread Pool -- 56) HQ221006: Waiting to obtain live lock
2017-01-18 00:26:28,853 INFO  [org.jboss.as.jacorb] (MSC service thread 1-3) JBAS016330: CORBA ORB Service started
2017-01-18 00:26:29,398 INFO  [org.hornetq.core.server] (ServerService Thread Pool -- 56) HQ221013: Using NIO Journal
2017-01-18 00:26:29,884 INFO  [io.netty.util.internal.PlatformDependent] (ServerService Thread Pool -- 56) Your platform does not provide complete low-level API for accessing direct buffers reliably. Unless explicitly requested, heap buffer will always be preferred to avoid potential system unstability.
2017-01-18 00:26:30,912 INFO  [org.hornetq.core.server] (ServerService Thread Pool -- 56) HQ221043: Adding protocol support CORE
2017-01-18 00:26:31,244 INFO  [org.jboss.ws.common.management] (MSC service thread 1-12) JBWS022052: Starting JBoss Web Services - Stack CXF Server 4.2.4.Final
2017-01-18 00:26:31,460 INFO  [org.hornetq.core.server] (ServerService Thread Pool -- 56) HQ221043: Adding protocol support AMQP
2017-01-18 00:26:31,463 INFO  [org.hornetq.core.server] (ServerService Thread Pool -- 56) HQ221043: Adding protocol support STOMP
2017-01-18 00:26:32,293 INFO  [org.hornetq.core.server] (ServerService Thread Pool -- 56) HQ221034: Waiting to obtain live lock
2017-01-18 00:26:32,294 INFO  [org.hornetq.core.server] (ServerService Thread Pool -- 56) HQ221035: Live Server Obtained live lock
2017-01-18 00:26:32,822 INFO  [org.jboss.as.jacorb] (MSC service thread 1-3) JBAS016328: CORBA Naming Service started
2017-01-18 00:26:34,283 INFO  [org.jboss.messaging] (MSC service thread 1-16) JBAS011615: Registered HTTP upgrade for hornetq-remoting protocol handled by http-acceptor acceptor
2017-01-18 00:26:34,283 INFO  [org.jboss.messaging] (MSC service thread 1-5) JBAS011615: Registered HTTP upgrade for hornetq-remoting protocol handled by http-acceptor-throughput acceptor
2017-01-18 00:26:35,254 INFO  [org.jboss.as.jpa] (MSC service thread 1-14) JBAS011401: Read persistence.xml for primary
2017-01-18 00:26:35,374 INFO  [org.hornetq.core.server] (ServerService Thread Pool -- 56) HQ221007: Server is now live
2017-01-18 00:26:35,374 INFO  [org.hornetq.core.server] (ServerService Thread Pool -- 56) HQ221001: HornetQ Server version 2.4.1.Final (Fast Hornet, 124) [cd573558-b0c1-11e6-a465-a9f2e63caccd] 
2017-01-18 00:26:35,377 INFO  [org.hornetq.core.server] (ServerService Thread Pool -- 56) HQ221003: trying to deploy queue jms.queue.ExpiryQueue
2017-01-18 00:26:35,383 INFO  [org.jboss.as.messaging] (ServerService Thread Pool -- 56) JBAS011601: Bound messaging object to jndi name java:/jms/queue/ExpiryQueue
2017-01-18 00:26:35,441 INFO  [org.jboss.as.messaging] (ServerService Thread Pool -- 58) JBAS011601: Bound messaging object to jndi name java:jboss/exported/jms/RemoteConnectionFactory
2017-01-18 00:26:35,442 INFO  [org.jboss.as.messaging] (ServerService Thread Pool -- 59) JBAS011601: Bound messaging object to jndi name java:/ConnectionFactory
2017-01-18 00:26:35,442 INFO  [org.hornetq.core.server] (ServerService Thread Pool -- 57) HQ221003: trying to deploy queue jms.queue.DLQ
2017-01-18 00:26:35,443 INFO  [org.jboss.as.messaging] (ServerService Thread Pool -- 57) JBAS011601: Bound messaging object to jndi name java:/jms/queue/DLQ
2017-01-18 00:26:36,170 INFO  [org.jboss.as.connector.deployment] (MSC service thread 1-14) JBAS010406: Registered connection factory java:/JmsXA
2017-01-18 00:26:36,257 INFO  [org.hornetq.ra] (MSC service thread 1-14) HornetQ resource adaptor started
2017-01-18 00:26:36,258 INFO  [org.jboss.as.connector.services.resourceadapters.ResourceAdapterActivatorService$ResourceAdapterActivator] (MSC service thread 1-14) IJ020002: Deployed: file://RaActivatorhornetq-ra
2017-01-18 00:26:36,263 INFO  [org.jboss.as.connector.deployment] (MSC service thread 1-9) JBAS010401: Bound JCA ConnectionFactory [java:/JmsXA]
2017-01-18 00:26:36,263 INFO  [org.jboss.as.messaging] (MSC service thread 1-16) JBAS011601: Bound messaging object to jndi name java:jboss/DefaultJMSConnectionFactory
2017-01-18 00:26:36,287 INFO  [org.jboss.as.connector.subsystems.datasources] (MSC service thread 1-3) JBAS010400: Bound data source [java:jboss/datasources/inzynierkaDS]
2017-01-18 00:26:36,391 INFO  [org.jboss.as.jpa] (ServerService Thread Pool -- 57) JBAS011409: Starting Persistence Unit (phase 1 of 2) Service 'inzynierka-ear.ear/inzynierka-ejb.jar#primary'
2017-01-18 00:26:36,433 INFO  [org.jboss.weld.deployer] (MSC service thread 1-12) JBAS016002: Processing weld deployment inzynierka-ear.ear
2017-01-18 00:26:36,533 INFO  [org.hibernate.jpa.internal.util.LogHelper] (ServerService Thread Pool -- 57) HHH000204: Processing PersistenceUnitInfo [
	name: primary
	...]
2017-01-18 00:26:38,085 INFO  [org.hibernate.validator.internal.util.Version] (MSC service thread 1-12) HV000001: Hibernate Validator 5.1.0.Final
2017-01-18 00:26:39,154 INFO  [org.hibernate.Version] (ServerService Thread Pool -- 57) HHH000412: Hibernate Core {4.3.5.Final}
2017-01-18 00:26:39,184 INFO  [org.hibernate.cfg.Environment] (ServerService Thread Pool -- 57) HHH000206: hibernate.properties not found
2017-01-18 00:26:39,294 INFO  [org.hibernate.cfg.Environment] (ServerService Thread Pool -- 57) HHH000021: Bytecode provider name : javassist
2017-01-18 00:26:39,729 INFO  [org.jboss.weld.deployer] (MSC service thread 1-3) JBAS016002: Processing weld deployment inzynierka-web.war
2017-01-18 00:26:40,121 INFO  [org.jboss.weld.deployer] (MSC service thread 1-11) JBAS016002: Processing weld deployment inzynierka-ejb.jar
2017-01-18 00:26:40,123 INFO  [org.jboss.as.ejb3.deployment.processors.EjbJndiBindingsDeploymentUnitProcessor] (MSC service thread 1-11) JNDI bindings for session bean named UserService in deployment unit subdeployment "inzynierka-ejb.jar" of deployment "inzynierka-ear.ear" are as follows:

	java:global/inzynierka-ear/inzynierka-ejb/UserService!salasa.service.UserService
	java:app/inzynierka-ejb/UserService!salasa.service.UserService
	java:module/UserService!salasa.service.UserService
	java:global/inzynierka-ear/inzynierka-ejb/UserService
	java:app/inzynierka-ejb/UserService
	java:module/UserService

2017-01-18 00:26:40,123 INFO  [org.jboss.as.ejb3.deployment.processors.EjbJndiBindingsDeploymentUnitProcessor] (MSC service thread 1-11) JNDI bindings for session bean named EventService in deployment unit subdeployment "inzynierka-ejb.jar" of deployment "inzynierka-ear.ear" are as follows:

	java:global/inzynierka-ear/inzynierka-ejb/EventService!salasa.service.EventService
	java:app/inzynierka-ejb/EventService!salasa.service.EventService
	java:module/EventService!salasa.service.EventService
	java:global/inzynierka-ear/inzynierka-ejb/EventService
	java:app/inzynierka-ejb/EventService
	java:module/EventService

2017-01-18 00:26:40,124 INFO  [org.jboss.as.ejb3.deployment.processors.EjbJndiBindingsDeploymentUnitProcessor] (MSC service thread 1-11) JNDI bindings for session bean named MD5HashService in deployment unit subdeployment "inzynierka-ejb.jar" of deployment "inzynierka-ear.ear" are as follows:

	java:global/inzynierka-ear/inzynierka-ejb/MD5HashService!salasa.service.MD5HashService
	java:app/inzynierka-ejb/MD5HashService!salasa.service.MD5HashService
	java:module/MD5HashService!salasa.service.MD5HashService
	java:global/inzynierka-ear/inzynierka-ejb/MD5HashService
	java:app/inzynierka-ejb/MD5HashService
	java:module/MD5HashService

2017-01-18 00:26:40,124 INFO  [org.jboss.as.ejb3.deployment.processors.EjbJndiBindingsDeploymentUnitProcessor] (MSC service thread 1-11) JNDI bindings for session bean named MessageService in deployment unit subdeployment "inzynierka-ejb.jar" of deployment "inzynierka-ear.ear" are as follows:

	java:global/inzynierka-ear/inzynierka-ejb/MessageService!salasa.service.MessageService
	java:app/inzynierka-ejb/MessageService!salasa.service.MessageService
	java:module/MessageService!salasa.service.MessageService
	java:global/inzynierka-ear/inzynierka-ejb/MessageService
	java:app/inzynierka-ejb/MessageService
	java:module/MessageService

2017-01-18 00:26:40,226 INFO  [org.jboss.weld.deployer] (MSC service thread 1-13) JBAS016005: Starting Services for CDI deployment: inzynierka-ear.ear
2017-01-18 00:26:40,745 INFO  [org.jboss.weld.Version] (MSC service thread 1-13) WELD-000900: 2.1.2 (Final)
2017-01-18 00:26:40,780 INFO  [org.jboss.weld.deployer] (MSC service thread 1-12) JBAS016008: Starting weld service for deployment inzynierka-ear.ear
2017-01-18 00:26:42,232 INFO  [org.jboss.as.jpa] (ServerService Thread Pool -- 57) JBAS011409: Starting Persistence Unit (phase 2 of 2) Service 'inzynierka-ear.ear/inzynierka-ejb.jar#primary'
2017-01-18 00:26:42,915 INFO  [org.hibernate.annotations.common.Version] (ServerService Thread Pool -- 57) HCANN000001: Hibernate Commons Annotations {4.0.4.Final}
2017-01-18 00:26:44,723 INFO  [org.hibernate.dialect.Dialect] (ServerService Thread Pool -- 57) HHH000400: Using dialect: org.hibernate.dialect.MySQL5Dialect
2017-01-18 00:26:45,290 INFO  [org.hibernate.hql.internal.ast.ASTQueryTranslatorFactory] (ServerService Thread Pool -- 57) HHH000397: Using ASTQueryTranslatorFactory
2017-01-18 00:26:46,616 INFO  [org.hibernate.tool.hbm2ddl.SchemaUpdate] (ServerService Thread Pool -- 57) HHH000228: Running hbm2ddl schema update
2017-01-18 00:26:46,616 INFO  [org.hibernate.tool.hbm2ddl.SchemaUpdate] (ServerService Thread Pool -- 57) HHH000102: Fetching database metadata
2017-01-18 00:26:46,620 INFO  [org.hibernate.tool.hbm2ddl.SchemaUpdate] (ServerService Thread Pool -- 57) HHH000396: Updating schema
2017-01-18 00:26:46,651 INFO  [org.hibernate.tool.hbm2ddl.TableMetadata] (ServerService Thread Pool -- 57) HHH000261: Table found: inzynierka.event
2017-01-18 00:26:46,651 INFO  [org.hibernate.tool.hbm2ddl.TableMetadata] (ServerService Thread Pool -- 57) HHH000037: Columns: [createdfor, enddate, createdby, description, id, startdate, title]
2017-01-18 00:26:46,651 INFO  [org.hibernate.tool.hbm2ddl.TableMetadata] (ServerService Thread Pool -- 57) HHH000108: Foreign keys: [fk_a8ihj2wptqooexnudryi6s4iq, fk_9q2fg3yt5o8isd5xe4t61q4qq]
2017-01-18 00:26:46,651 INFO  [org.hibernate.tool.hbm2ddl.TableMetadata] (ServerService Thread Pool -- 57) HHH000126: Indexes: [fk_a8ihj2wptqooexnudryi6s4iq, fk_9q2fg3yt5o8isd5xe4t61q4qq, primary]
2017-01-18 00:26:46,678 INFO  [org.hibernate.tool.hbm2ddl.TableMetadata] (ServerService Thread Pool -- 57) HHH000261: Table found: inzynierka.message
2017-01-18 00:26:46,678 INFO  [org.hibernate.tool.hbm2ddl.TableMetadata] (ServerService Thread Pool -- 57) HHH000037: Columns: [sendfrom, sendto, postdate, received, id, message]
2017-01-18 00:26:46,678 INFO  [org.hibernate.tool.hbm2ddl.TableMetadata] (ServerService Thread Pool -- 57) HHH000108: Foreign keys: [fk_9vsmkdjuraxjpwydn22cnbxe7, fk_rv9ebb894uolipg43ftw7jmwm]
2017-01-18 00:26:46,678 INFO  [org.hibernate.tool.hbm2ddl.TableMetadata] (ServerService Thread Pool -- 57) HHH000126: Indexes: [fk_9vsmkdjuraxjpwydn22cnbxe7, fk_rv9ebb894uolipg43ftw7jmwm, primary]
2017-01-18 00:26:46,725 INFO  [org.hibernate.tool.hbm2ddl.TableMetadata] (ServerService Thread Pool -- 57) HHH000261: Table found: inzynierka.user
2017-01-18 00:26:46,725 INFO  [org.hibernate.tool.hbm2ddl.TableMetadata] (ServerService Thread Pool -- 57) HHH000037: Columns: [firstname, password, role, homephone, mobilephone, information, id, confirmed, lastname, username]
2017-01-18 00:26:46,725 INFO  [org.hibernate.tool.hbm2ddl.TableMetadata] (ServerService Thread Pool -- 57) HHH000108: Foreign keys: []
2017-01-18 00:26:46,725 INFO  [org.hibernate.tool.hbm2ddl.TableMetadata] (ServerService Thread Pool -- 57) HHH000126: Indexes: [primary]
2017-01-18 00:26:46,726 INFO  [org.hibernate.tool.hbm2ddl.SchemaUpdate] (ServerService Thread Pool -- 57) HHH000232: Schema update complete
2017-01-18 00:26:49,339 INFO  [io.undertow.servlet] (MSC service thread 1-2) Initializing AtmosphereFramework
2017-01-18 00:26:49,344 INFO  [org.atmosphere.util.IOUtils] (MSC service thread 1-2) Successfully loaded and installed META-INF/services/org.atmosphere.cpr.AtmosphereFramework
2017-01-18 00:26:49,850 INFO  [javax.enterprise.resource.webcontainer.jsf.config] (MSC service thread 1-2) Initializing Mojarra 2.2.6-jbossorg-4 20140501-1134 for context '/inzynierka-web'
2017-01-18 00:26:51,764 WARNING [javax.enterprise.resource.webcontainer.jsf.application] (MSC service thread 1-2) @FacesConverter is using both value and forClass, only value will be applied.
2017-01-18 00:26:52,539 INFO  [org.primefaces.webapp.PostConstructApplicationEventListener] (MSC service thread 1-2) Running on PrimeFaces 5.3
2017-01-18 00:26:52,659 INFO  [org.atmosphere.cpr.AtmosphereFramework] (MSC service thread 1-2) Atmosphere is using org.atmosphere.cpr.DefaultAnnotationProcessor for processing annotation
2017-01-18 00:26:52,661 INFO  [org.atmosphere.cpr.DefaultAnnotationProcessor] (MSC service thread 1-2) AnnotationProcessor class org.atmosphere.cpr.DefaultAnnotationProcessor$ServletContainerInitializerAnnotationProcessor being used
2017-01-18 00:26:52,662 INFO  [org.atmosphere.cpr.AnnotationHandler] (MSC service thread 1-2) Found Annotation in class org.primefaces.push.impl.PushEndpointInterceptor being scanned: interface org.atmosphere.config.service.AtmosphereInterceptorService
2017-01-18 00:26:52,663 INFO  [org.atmosphere.cpr.AnnotationHandler] (MSC service thread 1-2) Found Annotation in class org.primefaces.push.impl.PushEndpointMapper being scanned: interface org.atmosphere.config.service.EndpointMapperService
2017-01-18 00:26:52,664 INFO  [org.atmosphere.cpr.AnnotationHandler] (MSC service thread 1-2) Found Annotation in class org.primefaces.push.impl.PushEndpointProcessor being scanned: interface org.atmosphere.config.AtmosphereAnnotation
2017-01-18 00:26:52,677 INFO  [org.atmosphere.cpr.AnnotationHandler] (MSC service thread 1-2) Found Annotation in class salasa.websocket.CalendarSocket being scanned: interface org.primefaces.push.annotation.PushEndpoint
2017-01-18 00:26:52,708 INFO  [org.atmosphere.util.ForkJoinPool] (MSC service thread 1-2) Using ForkJoinPool  java.util.concurrent.ForkJoinPool. Set the org.atmosphere.cpr.broadcaster.maxAsyncWriteThreads to -1 to fully use its power.
2017-01-18 00:26:52,713 INFO  [org.atmosphere.cpr.AtmosphereFramework] (MSC service thread 1-2) Installed AtmosphereHandler org.primefaces.push.impl.PushEndpointHandlerProxy mapped to context-path /calendar and Broadcaster Class org.atmosphere.cpr.DefaultBroadcaster
2017-01-18 00:26:52,713 INFO  [org.atmosphere.cpr.AtmosphereFramework] (MSC service thread 1-2) Installed AtmosphereInterceptor [@PushEndpoint Interceptor] mapped to AtmosphereHandler org.primefaces.push.impl.PushEndpointHandlerProxy
2017-01-18 00:26:52,714 INFO  [org.atmosphere.cpr.AnnotationHandler] (MSC service thread 1-2) Found Annotation in class salasa.websocket.MessageSocket being scanned: interface org.primefaces.push.annotation.PushEndpoint
2017-01-18 00:26:52,718 INFO  [org.atmosphere.cpr.AtmosphereFramework] (MSC service thread 1-2) Installed AtmosphereHandler org.primefaces.push.impl.PushEndpointHandlerProxy mapped to context-path /messages/{user} and Broadcaster Class org.atmosphere.cpr.DefaultBroadcaster
2017-01-18 00:26:52,719 INFO  [org.atmosphere.cpr.AtmosphereFramework] (MSC service thread 1-2) Installed AtmosphereInterceptor [@PushEndpoint Interceptor] mapped to AtmosphereHandler org.primefaces.push.impl.PushEndpointHandlerProxy
2017-01-18 00:26:52,720 INFO  [org.atmosphere.cpr.AnnotationHandler] (MSC service thread 1-2) Found Annotation in class salasa.websocket.NewMessageSocket being scanned: interface org.primefaces.push.annotation.PushEndpoint
2017-01-18 00:26:52,724 INFO  [org.atmosphere.cpr.AtmosphereFramework] (MSC service thread 1-2) Installed AtmosphereHandler org.primefaces.push.impl.PushEndpointHandlerProxy mapped to context-path /{user} and Broadcaster Class org.atmosphere.cpr.DefaultBroadcaster
2017-01-18 00:26:52,725 INFO  [org.atmosphere.cpr.AtmosphereFramework] (MSC service thread 1-2) Installed AtmosphereInterceptor [@PushEndpoint Interceptor] mapped to AtmosphereHandler org.primefaces.push.impl.PushEndpointHandlerProxy
2017-01-18 00:26:52,726 INFO  [org.atmosphere.cpr.AtmosphereFramework] (MSC service thread 1-2) Auto detecting WebSocketHandler in /WEB-INF/classes/
2017-01-18 00:26:52,733 INFO  [org.atmosphere.cpr.AtmosphereFramework] (MSC service thread 1-2) Installed WebSocketProtocol org.atmosphere.websocket.protocol.SimpleHttpProtocol 
2017-01-18 00:26:52,736 INFO  [org.atmosphere.container.JSR356AsyncSupport] (MSC service thread 1-2) JSR 356 Mapping path /primepush
2017-01-18 00:26:52,740 INFO  [io.undertow.websockets.jsr] (MSC service thread 1-2) UT026005: Adding programmatic server endpoint class org.atmosphere.container.JSR356Endpoint for path /primepush
2017-01-18 00:26:52,742 INFO  [io.undertow.websockets.jsr] (MSC service thread 1-2) UT026005: Adding programmatic server endpoint class org.atmosphere.container.JSR356Endpoint for path /primepush/{path0}
2017-01-18 00:26:52,743 INFO  [io.undertow.websockets.jsr] (MSC service thread 1-2) UT026005: Adding programmatic server endpoint class org.atmosphere.container.JSR356Endpoint for path /primepush/{path0}/{path1}
2017-01-18 00:26:52,744 INFO  [io.undertow.websockets.jsr] (MSC service thread 1-2) UT026005: Adding programmatic server endpoint class org.atmosphere.container.JSR356Endpoint for path /primepush/{path0}/{path1}/{path2}
2017-01-18 00:26:52,744 INFO  [io.undertow.websockets.jsr] (MSC service thread 1-2) UT026005: Adding programmatic server endpoint class org.atmosphere.container.JSR356Endpoint for path /primepush/{path0}/{path1}/{path2}/{path3}
2017-01-18 00:26:52,745 INFO  [org.atmosphere.cpr.AtmosphereFramework] (MSC service thread 1-2) Installing Default AtmosphereInterceptors
2017-01-18 00:26:52,745 INFO  [org.atmosphere.cpr.AtmosphereFramework] (MSC service thread 1-2) 	org.atmosphere.interceptor.CorsInterceptor : CORS Interceptor Support
2017-01-18 00:26:52,746 INFO  [org.atmosphere.cpr.AtmosphereFramework] (MSC service thread 1-2) 	org.atmosphere.interceptor.CacheHeadersInterceptor : Default Response's Headers Interceptor
2017-01-18 00:26:52,747 INFO  [org.atmosphere.cpr.AtmosphereFramework] (MSC service thread 1-2) 	org.atmosphere.interceptor.PaddingAtmosphereInterceptor : Browser Padding Interceptor Support
2017-01-18 00:26:52,748 INFO  [org.atmosphere.cpr.AtmosphereFramework] (MSC service thread 1-2) 	org.atmosphere.interceptor.AndroidAtmosphereInterceptor : Android Interceptor Support
2017-01-18 00:26:52,750 INFO  [org.atmosphere.cpr.AtmosphereFramework] (MSC service thread 1-2) 	org.atmosphere.interceptor.HeartbeatInterceptor : Heartbeat Interceptor Support
2017-01-18 00:26:52,751 INFO  [org.atmosphere.cpr.AtmosphereFramework] (MSC service thread 1-2) 	org.atmosphere.interceptor.SSEAtmosphereInterceptor : SSE Interceptor Support
2017-01-18 00:26:52,752 INFO  [org.atmosphere.cpr.AtmosphereFramework] (MSC service thread 1-2) 	org.atmosphere.interceptor.JSONPAtmosphereInterceptor : JSONP Interceptor Support
2017-01-18 00:26:52,753 INFO  [org.atmosphere.cpr.AtmosphereFramework] (MSC service thread 1-2) 	org.atmosphere.interceptor.JavaScriptProtocol : Atmosphere JavaScript Protocol
2017-01-18 00:26:52,753 INFO  [org.atmosphere.cpr.AtmosphereFramework] (MSC service thread 1-2) 	org.atmosphere.interceptor.WebSocketMessageSuspendInterceptor : org.atmosphere.interceptor.WebSocketMessageSuspendInterceptor
2017-01-18 00:26:52,754 INFO  [org.atmosphere.cpr.AtmosphereFramework] (MSC service thread 1-2) 	org.atmosphere.interceptor.OnDisconnectInterceptor : Browser disconnection detection
2017-01-18 00:26:52,755 INFO  [org.atmosphere.cpr.AtmosphereFramework] (MSC service thread 1-2) 	org.atmosphere.interceptor.IdleResourceInterceptor : org.atmosphere.interceptor.IdleResourceInterceptor
2017-01-18 00:26:52,755 INFO  [org.atmosphere.cpr.AtmosphereFramework] (MSC service thread 1-2) Set org.atmosphere.cpr.AtmosphereInterceptor.disableDefaults to disable them.
2017-01-18 00:26:52,755 INFO  [org.atmosphere.cpr.AtmosphereFramework] (MSC service thread 1-2) Installed AtmosphereInterceptor Atmosphere LifeCycle with priority AFTER_DEFAULT 
2017-01-18 00:26:52,756 INFO  [org.atmosphere.cpr.AtmosphereFramework] (MSC service thread 1-2) Installed AtmosphereInterceptor  Track Message Size Interceptor using | with priority BEFORE_DEFAULT 
2017-01-18 00:26:52,756 INFO  [org.atmosphere.cpr.AtmosphereFramework] (MSC service thread 1-2) Installed AtmosphereInterceptor @PushEndpoint Interceptor with priority AFTER_DEFAULT 
2017-01-18 00:26:52,756 INFO  [org.atmosphere.cpr.AtmosphereFramework] (MSC service thread 1-2) Installed AtmosphereInterceptor CORS Interceptor Support with priority FIRST_BEFORE_DEFAULT 
2017-01-18 00:26:52,756 INFO  [org.atmosphere.cpr.AtmosphereFramework] (MSC service thread 1-2) Installed AtmosphereInterceptor Default Response's Headers Interceptor with priority AFTER_DEFAULT 
2017-01-18 00:26:52,756 INFO  [org.atmosphere.cpr.AtmosphereFramework] (MSC service thread 1-2) Installed AtmosphereInterceptor Browser Padding Interceptor Support with priority AFTER_DEFAULT 
2017-01-18 00:26:52,756 INFO  [org.atmosphere.cpr.AtmosphereFramework] (MSC service thread 1-2) Installed AtmosphereInterceptor Android Interceptor Support with priority AFTER_DEFAULT 
2017-01-18 00:26:52,757 INFO  [org.atmosphere.interceptor.HeartbeatInterceptor] (MSC service thread 1-2) HeartbeatInterceptor configured with padding value 'X', client frequency 60 seconds and server frequency 0 seconds
2017-01-18 00:26:52,757 INFO  [org.atmosphere.cpr.AtmosphereFramework] (MSC service thread 1-2) Installed AtmosphereInterceptor Heartbeat Interceptor Support with priority AFTER_DEFAULT 
2017-01-18 00:26:52,757 INFO  [org.atmosphere.cpr.AtmosphereFramework] (MSC service thread 1-2) Installed AtmosphereInterceptor SSE Interceptor Support with priority AFTER_DEFAULT 
2017-01-18 00:26:52,757 INFO  [org.atmosphere.cpr.AtmosphereFramework] (MSC service thread 1-2) Installed AtmosphereInterceptor JSONP Interceptor Support with priority AFTER_DEFAULT 
2017-01-18 00:26:52,758 INFO  [org.atmosphere.cpr.AtmosphereFramework] (MSC service thread 1-2) Installed AtmosphereInterceptor Atmosphere JavaScript Protocol with priority AFTER_DEFAULT 
2017-01-18 00:26:52,758 INFO  [org.atmosphere.cpr.AtmosphereFramework] (MSC service thread 1-2) Installed AtmosphereInterceptor org.atmosphere.interceptor.WebSocketMessageSuspendInterceptor with priority AFTER_DEFAULT 
2017-01-18 00:26:52,758 INFO  [org.atmosphere.cpr.AtmosphereFramework] (MSC service thread 1-2) Installed AtmosphereInterceptor Browser disconnection detection with priority AFTER_DEFAULT 
2017-01-18 00:26:52,758 INFO  [org.atmosphere.cpr.AtmosphereFramework] (MSC service thread 1-2) Installed AtmosphereInterceptor org.atmosphere.interceptor.IdleResourceInterceptor with priority BEFORE_DEFAULT 
2017-01-18 00:26:52,759 INFO  [org.atmosphere.cpr.AtmosphereFramework] (MSC service thread 1-2) Using EndpointMapper class org.primefaces.push.impl.PushEndpointMapper
2017-01-18 00:26:52,760 WARN  [org.atmosphere.cpr.AtmosphereFramework] (MSC service thread 1-2) No BroadcasterCache configured. Broadcasted message between client reconnection will be LOST. It is recommended to configure the org.atmosphere.cache.UUIDBroadcasterCache
2017-01-18 00:26:52,761 INFO  [org.atmosphere.cpr.AtmosphereFramework] (MSC service thread 1-2) Default Broadcaster Class: org.atmosphere.cpr.DefaultBroadcaster
2017-01-18 00:26:52,761 INFO  [org.atmosphere.cpr.AtmosphereFramework] (MSC service thread 1-2) Broadcaster Shared List Resources: false
2017-01-18 00:26:52,761 INFO  [org.atmosphere.cpr.AtmosphereFramework] (MSC service thread 1-2) Broadcaster Polling Wait Time 100
2017-01-18 00:26:52,761 INFO  [org.atmosphere.cpr.AtmosphereFramework] (MSC service thread 1-2) Shared ExecutorService supported: true
2017-01-18 00:26:52,761 INFO  [org.atmosphere.cpr.AtmosphereFramework] (MSC service thread 1-2) Messaging ExecutorService Pool Size unavailable - Not instance of ThreadPoolExecutor
2017-01-18 00:26:52,762 INFO  [org.atmosphere.cpr.AtmosphereFramework] (MSC service thread 1-2) Async I/O Thread Pool Size: 200
2017-01-18 00:26:52,762 INFO  [org.atmosphere.cpr.AtmosphereFramework] (MSC service thread 1-2) Using BroadcasterFactory: org.atmosphere.cpr.DefaultBroadcasterFactory
2017-01-18 00:26:52,762 INFO  [org.atmosphere.cpr.AtmosphereFramework] (MSC service thread 1-2) Using AtmosphereResurceFactory: org.atmosphere.cpr.DefaultAtmosphereResourceFactory
2017-01-18 00:26:52,762 INFO  [org.atmosphere.cpr.AtmosphereFramework] (MSC service thread 1-2) Using WebSocketProcessor: org.atmosphere.websocket.DefaultWebSocketProcessor
2017-01-18 00:26:52,769 INFO  [org.atmosphere.cpr.AtmosphereFramework] (MSC service thread 1-2) Invoke AtmosphereInterceptor on WebSocket message true
2017-01-18 00:26:52,769 INFO  [org.atmosphere.cpr.AtmosphereFramework] (MSC service thread 1-2) HttpSession supported: false
2017-01-18 00:26:52,769 INFO  [org.atmosphere.cpr.AtmosphereFramework] (MSC service thread 1-2) Atmosphere is using org.atmosphere.inject.InjectableObjectFactory for dependency injection and object creation
2017-01-18 00:26:52,770 INFO  [org.atmosphere.cpr.AtmosphereFramework] (MSC service thread 1-2) Atmosphere is using async support: org.atmosphere.container.JSR356AsyncSupport running under container: WildFly 8.1.0.Final - 1.0.15.Final using javax.servlet/3.0 and jsr356/WebSocket API
2017-01-18 00:26:52,771 INFO  [org.atmosphere.cpr.AtmosphereFramework] (MSC service thread 1-2) Atmosphere Framework 2.4.9 started.
2017-01-18 00:26:52,771 INFO  [org.atmosphere.cpr.AtmosphereFramework] (MSC service thread 1-2) 

	For Atmosphere Framework Commercial Support, visit 
	http://www.async-io.org/ or send an email to support@async-io.org

2017-01-18 00:26:52,778 INFO  [org.wildfly.extension.undertow] (MSC service thread 1-2) JBAS017534: Registered web context: /inzynierka-web
2017-01-18 00:26:52,824 INFO  [org.jboss.as.server] (ServerService Thread Pool -- 31) JBAS018559: Deployed "inzynierka-ear.ear" (runtime-name : "inzynierka-ear.ear")
2017-01-18 00:26:53,074 INFO  [org.jboss.as] (Controller Boot Thread) JBAS015961: Http management interface listening on http://127.0.0.1:9990/management
2017-01-18 00:26:53,075 INFO  [org.jboss.as] (Controller Boot Thread) JBAS015951: Admin console listening on http://127.0.0.1:9990
2017-01-18 00:26:53,075 INFO  [org.jboss.as] (Controller Boot Thread) JBAS015874: WildFly 8.1.0.Final "Kenny" started in 71116ms - Started 542 of 605 services (118 services are lazy, passive or on-demand)
2017-01-18 00:26:53,128 INFO  [org.atmosphere.cpr.AtmosphereFramework] (Thread-94) Latest version of Atmosphere's JavaScript Client 2.3.1
2017-01-18 00:29:28,061 INFO  [org.atmosphere.interceptor.HeartbeatInterceptor] (default task-12) HeartbeatInterceptor configured with padding value 'X', client frequency 60 seconds and server frequency 0 seconds
2017-01-18 00:29:28,062 INFO  [org.atmosphere.cpr.AtmosphereFramework] (default task-12) Installed AtmosphereInterceptor [CORS Interceptor Support,  Track Message Size Interceptor using |, org.atmosphere.interceptor.IdleResourceInterceptor, Atmosphere LifeCycle, @PushEndpoint Interceptor, Default Response's Headers Interceptor, Browser Padding Interceptor Support, Android Interceptor Support, Heartbeat Interceptor Support, SSE Interceptor Support, JSONP Interceptor Support, Atmosphere JavaScript Protocol, org.atmosphere.interceptor.WebSocketMessageSuspendInterceptor, Browser disconnection detection] mapped to AtmosphereHandler org.primefaces.push.impl.PushEndpointHandlerProxy
2017-01-18 00:29:28,072 INFO  [salasa.websocket.MessageSocket] (default task-12) OnOpen RemoteEndpointImpl{request=AtmosphereRequest{ method=GET contextPath=/inzynierka-web servletPath=/primepush pathInfo=/jast requestURI=/inzynierka-web/primepush/jast requestURL=http://localhost:8080/inzynierka-web/primepush/jast AtmosphereResource UUID=424845b9-860c-41c6-bd5a-a92163587a03 destroyable=false}, uri='/inzynierka-web/primepush/jast', status=Status{status=OPEN}}
2017-01-18 00:29:29,086 INFO  [stdout] (default task-16) getYourMessages() 
2017-01-18 00:29:29,100 INFO  [stdout] (default task-16) Jestem przed if w getYourMessages : 
2017-01-18 00:29:29,127 INFO  [salasa.websocket.MessageSocket] (default task-21) OnClose RemoteEndpointImpl{request=AtmosphereRequest{ method=GET contextPath=/inzynierka-web servletPath=/primepush pathInfo=/jast requestURI=/inzynierka-web/primepush/jast requestURL=http://localhost:8080/inzynierka-web/primepush/jast AtmosphereResource UUID=424845b9-860c-41c6-bd5a-a92163587a03 destroyable=false}, uri='/inzynierka-web/primepush/jast', status=Status{status=CLOSED_BY_CLIENT}}
2017-01-18 00:29:29,317 INFO  [salasa.websocket.MessageSocket] (default task-27) OnOpen RemoteEndpointImpl{request=AtmosphereRequest{ method=GET contextPath=/inzynierka-web servletPath=/primepush pathInfo=/jast requestURI=/inzynierka-web/primepush/jast requestURL=http://localhost:8080/inzynierka-web/primepush/jast AtmosphereResource UUID=337b4a6b-dbd0-490b-864e-c09fc6c6719e destroyable=false}, uri='/inzynierka-web/primepush/jast', status=Status{status=OPEN}}
2017-01-18 00:29:29,323 INFO  [org.atmosphere.interceptor.HeartbeatInterceptor] (default task-28) HeartbeatInterceptor configured with padding value 'X', client frequency 60 seconds and server frequency 0 seconds
2017-01-18 00:29:29,324 INFO  [org.atmosphere.cpr.AtmosphereFramework] (default task-28) Installed AtmosphereInterceptor [CORS Interceptor Support,  Track Message Size Interceptor using |, org.atmosphere.interceptor.IdleResourceInterceptor, Atmosphere LifeCycle, @PushEndpoint Interceptor, Default Response's Headers Interceptor, Browser Padding Interceptor Support, Android Interceptor Support, Heartbeat Interceptor Support, SSE Interceptor Support, JSONP Interceptor Support, Atmosphere JavaScript Protocol, org.atmosphere.interceptor.WebSocketMessageSuspendInterceptor, Browser disconnection detection] mapped to AtmosphereHandler org.primefaces.push.impl.PushEndpointHandlerProxy
2017-01-18 00:29:29,325 INFO  [salasa.websocket.MessageSocket] (default task-28) OnOpen RemoteEndpointImpl{request=AtmosphereRequest{ method=GET contextPath=/inzynierka-web servletPath=/primepush pathInfo=/messages/jast requestURI=/inzynierka-web/primepush/messages/jast requestURL=http://localhost:8080/inzynierka-web/primepush/messages/jast AtmosphereResource UUID=9ffccc5b-a7a7-4087-911e-f9db023af212 destroyable=false}, uri='/inzynierka-web/primepush/messages/jast', status=Status{status=OPEN}}
2017-01-18 00:33:35,216 INFO  [stdout] (default task-31) getYourMessages() 
2017-01-18 00:33:35,223 INFO  [stdout] (default task-31) Jestem przed if w getYourMessages : 
2017-01-18 00:33:35,271 INFO  [salasa.websocket.MessageSocket] (default task-35) OnClose RemoteEndpointImpl{request=AtmosphereRequest{ method=GET contextPath=/inzynierka-web servletPath=/primepush pathInfo=/jast requestURI=/inzynierka-web/primepush/jast requestURL=http://localhost:8080/inzynierka-web/primepush/jast AtmosphereResource UUID=337b4a6b-dbd0-490b-864e-c09fc6c6719e destroyable=false}, uri='/inzynierka-web/primepush/jast', status=Status{status=CLOSED_BY_CLIENT}}
2017-01-18 00:33:35,280 INFO  [salasa.websocket.MessageSocket] (default task-37) OnClose RemoteEndpointImpl{request=AtmosphereRequest{ method=GET contextPath=/inzynierka-web servletPath=/primepush pathInfo=/messages/jast requestURI=/inzynierka-web/primepush/messages/jast requestURL=http://localhost:8080/inzynierka-web/primepush/messages/jast AtmosphereResource UUID=9ffccc5b-a7a7-4087-911e-f9db023af212 destroyable=false}, uri='/inzynierka-web/primepush/messages/jast', status=Status{status=CLOSED_BY_CLIENT}}
